<?xml version="1.0" encoding="UTF-8"?>
<testsuite name="Practica DataDriven" tests="1" skipped="1" failures="0" errors="0" timestamp="2020-05-19T19:08:53" hostname="LAPTOP-U0LFOLUR" time="0.076">
  <properties/>
  <testcase name="Traducir de ingles a español" classname="Practica DataDriven" time="0.076">
    <skipped/>
  </testcase>
  <system-out><![CDATA[]]></system-out>
  <system-err><![CDATA[[Test worker] INFO net.serenitybdd.core.Serenity - TEST PENDING
[Test worker] INFO net.serenitybdd.core.Serenity - TEST PENDING
[Test worker] INFO net.serenitybdd.core.Serenity - TEST PENDING
[Test worker] INFO net.serenitybdd.core.Serenity - 
          __  _____ _____ ____ _____   ____  _____ _   _ ____ ___ _   _  ____ 
 _       / / |_   _| ____/ ___|_   _| |  _ \| ____| \ | |  _ \_ _| \ | |/ ___|
(_)____ / /    | | |  _| \___ \ | |   | |_) |  _| |  \| | | | | ||  \| | |  _ 
 |_____/ /     | | | |___ ___) || |   |  __/| |___| |\  | |_| | || |\  | |_| |
(_)   /_/      |_| |_____|____/ |_|   |_|   |_____|_| \_|____/___|_| \_|\____|
                                                                                

TEST PENDING: Traducir de ingles a español
---------------------------------------------------------------------------------
]]></system-err>
</testsuite>
