<?xml version="1.0" encoding="UTF-8"?>
<testsuite name="Automation demo site" tests="1" skipped="0" failures="0" errors="0" timestamp="2020-05-21T20:31:12" hostname="LAPTOP-U0LFOLUR" time="29.445">
  <properties/>
  <testcase name="Web Automation" classname="Automation demo site" time="29.445"/>
  <system-out><![CDATA[llequeeeeeeee----------------
MoviesHockey
Male
Maleeeeeeeeeee--------
Saliiiiiiiiiiiiiiiiiii----------------
]]></system-out>
  <system-err><![CDATA[may 21, 2020 3:31:13 PM org.openqa.selenium.remote.DesiredCapabilities chrome
INFORMACIÓN: Using `new ChromeOptions()` is preferred to `DesiredCapabilities.chrome()`
Starting ChromeDriver 81.0.4044.138 (8c6c7ba89cc9453625af54f11fd83179e23450fa-refs/branch-heads/4044@{#999}) on port 5137
Only local connections are allowed.
Please protect ports used by ChromeDriver and related test frameworks to prevent access by malicious code.
may 21, 2020 3:31:23 PM org.openqa.selenium.remote.ProtocolHandshake createSession
INFORMACIÓN: Detected dialect: W3C
[1590093084.124][SEVERE]: Timed out receiving message from renderer: 0.100
[1590093084.226][SEVERE]: Timed out receiving message from renderer: 0.100
[1590093084.327][SEVERE]: Timed out receiving message from renderer: 0.100
[1590093084.434][SEVERE]: Timed out receiving message from renderer: 0.100
[1590093084.540][SEVERE]: Timed out receiving message from renderer: 0.100
[1590093084.643][SEVERE]: Timed out receiving message from renderer: 0.100
[1590093084.746][SEVERE]: Timed out receiving message from renderer: 0.100
[1590093084.848][SEVERE]: Timed out receiving message from renderer: 0.100
[1590093084.953][SEVERE]: Timed out receiving message from renderer: 0.100
[1590093085.057][SEVERE]: Timed out receiving message from renderer: 0.100
[1590093085.164][SEVERE]: Timed out receiving message from renderer: 0.100
[1590093085.267][SEVERE]: Timed out receiving message from renderer: 0.100
[1590093085.371][SEVERE]: Timed out receiving message from renderer: 0.100
[1590093085.476][SEVERE]: Timed out receiving message from renderer: 0.100
[1590093085.583][SEVERE]: Timed out receiving message from renderer: 0.100
[1590093085.685][SEVERE]: Timed out receiving message from renderer: 0.100
[1590093086.653][SEVERE]: Timed out receiving message from renderer: 0.100
[1590093086.773][SEVERE]: Timed out receiving message from renderer: 0.100
[1590093096.223][SEVERE]: Timed out receiving message from renderer: 0.100
[1590093096.382][SEVERE]: Timed out receiving message from renderer: 0.100
[1590093096.485][SEVERE]: Timed out receiving message from renderer: 0.100
[1590093096.588][SEVERE]: Timed out receiving message from renderer: 0.100
[1590093096.689][SEVERE]: Timed out receiving message from renderer: 0.100
[1590093096.791][SEVERE]: Timed out receiving message from renderer: 0.100
[1590093096.894][SEVERE]: Timed out receiving message from renderer: 0.100
[1590093096.997][SEVERE]: Timed out receiving message from renderer: 0.100
[1590093097.098][SEVERE]: Timed out receiving message from renderer: 0.100
[1590093097.200][SEVERE]: Timed out receiving message from renderer: 0.100
[1590093097.301][SEVERE]: Timed out receiving message from renderer: 0.100
[1590093097.403][SEVERE]: Timed out receiving message from renderer: 0.100
[Test worker] INFO net.serenitybdd.core.Serenity - 
        __    _____ _____ ____ _____   ____   _    ____  ____  _____ ____  
  _     \ \  |_   _| ____/ ___|_   _| |  _ \ / \  / ___|/ ___|| ____|  _ \ 
 (_)_____| |   | | |  _| \___ \ | |   | |_) / _ \ \___ \\___ \|  _| | | | |
  _|_____| |   | | | |___ ___) || |   |  __/ ___ \ ___) |___) | |___| |_| |
 (_)     | |   |_| |_____|____/ |_|   |_| /_/   \_\____/|____/|_____|____/ 
        /_/                                                                

TEST PASSED: Web Automation
----------------------------------------------------------------------------
]]></system-err>
</testsuite>
