<?xml version="1.0" encoding="UTF-8"?>
<testsuite name="Medical date management" tests="1" skipped="0" failures="0" errors="0" timestamp="2020-05-25T21:14:48" hostname="LAPTOP-U0LFOLUR" time="16.561">
  <properties/>
  <testcase name="Date registration" classname="Medical date management" time="16.561"/>
  <system-out><![CDATA[
Pasee

]]></system-out>
  <system-err><![CDATA[may 25, 2020 4:14:49 PM org.openqa.selenium.remote.DesiredCapabilities chrome
INFORMACIÓN: Using `new ChromeOptions()` is preferred to `DesiredCapabilities.chrome()`
Starting ChromeDriver 81.0.4044.138 (8c6c7ba89cc9453625af54f11fd83179e23450fa-refs/branch-heads/4044@{#999}) on port 47252
Only local connections are allowed.
Please protect ports used by ChromeDriver and related test frameworks to prevent access by malicious code.
may 25, 2020 4:14:54 PM org.openqa.selenium.remote.ProtocolHandshake createSession
INFORMACIÓN: Detected dialect: W3C
[1590441295.175][SEVERE]: Timed out receiving message from renderer: 0.100
[1590441295.281][SEVERE]: Timed out receiving message from renderer: 0.100
[1590441295.386][SEVERE]: Timed out receiving message from renderer: 0.100
[1590441295.489][SEVERE]: Timed out receiving message from renderer: 0.100
[1590441295.594][SEVERE]: Timed out receiving message from renderer: 0.100
[1590441295.708][SEVERE]: Timed out receiving message from renderer: 0.100
[1590441295.825][SEVERE]: Timed out receiving message from renderer: 0.100
[1590441295.944][SEVERE]: Timed out receiving message from renderer: 0.100
[1590441296.051][SEVERE]: Timed out receiving message from renderer: 0.100
[1590441296.156][SEVERE]: Timed out receiving message from renderer: 0.100
[1590441296.269][SEVERE]: Timed out receiving message from renderer: 0.100
[1590441296.377][SEVERE]: Timed out receiving message from renderer: 0.100
[1590441296.672][SEVERE]: Timed out receiving message from renderer: 0.100
[1590441296.827][SEVERE]: Timed out receiving message from renderer: 0.100
[1590441296.930][SEVERE]: Timed out receiving message from renderer: 0.100
[1590441297.040][SEVERE]: Timed out receiving message from renderer: 0.100
[1590441297.144][SEVERE]: Timed out receiving message from renderer: 0.100
[1590441298.821][SEVERE]: Timed out receiving message from renderer: 0.100
[1590441299.018][SEVERE]: Timed out receiving message from renderer: 0.100
[1590441299.121][SEVERE]: Timed out receiving message from renderer: 0.100
[1590441299.222][SEVERE]: Timed out receiving message from renderer: 0.100
[1590441299.323][SEVERE]: Timed out receiving message from renderer: 0.100
[1590441299.527][SEVERE]: Timed out receiving message from renderer: 0.100
[1590441299.630][SEVERE]: Timed out receiving message from renderer: 0.100
[1590441299.731][SEVERE]: Timed out receiving message from renderer: 0.100
[1590441299.833][SEVERE]: Timed out receiving message from renderer: 0.100
[1590441299.934][SEVERE]: Timed out receiving message from renderer: 0.100
[1590441300.036][SEVERE]: Timed out receiving message from renderer: 0.100
[Test worker] INFO net.serenitybdd.core.Serenity - 
        __    _____ _____ ____ _____   ____   _    ____  ____  _____ ____  
  _     \ \  |_   _| ____/ ___|_   _| |  _ \ / \  / ___|/ ___|| ____|  _ \ 
 (_)_____| |   | | |  _| \___ \ | |   | |_) / _ \ \___ \\___ \|  _| | | | |
  _|_____| |   | | | |___ ___) || |   |  __/ ___ \ ___) |___) | |___| |_| |
 (_)     | |   |_| |_____|____/ |_|   |_| /_/   \_\____/|____/|_____|____/ 
        /_/                                                                

TEST PASSED: Date registration
----------------------------------------------------------------------------
]]></system-err>
</testsuite>
